Summary of Data
  98 emails examined, containing  29422  words using a vocabulary of 4621 terms
                            ID      TRUTH      CLASS  CUMULATIVE ACCURACY
       0001.1999-12-10.farmer           0          0             100.00 %
     0001.1999-12-10.kaminski           0          0             100.00 %
         0001.2000-01-17.beck           0          0             100.00 %
      0001.2001-02-07.kitchen           0          0             100.00 %
     0001.2001-04-02.williams           0          0             100.00 %
       0002.1999-12-13.farmer           0          0             100.00 %
      0002.2001-02-07.kitchen           0          0             100.00 %
    0002.2001-05-25.SA_and_HP           1          1             100.00 %
           0002.2003-12-18.GP           1          0              88.89 %
           0002.2004-08-01.BG           1          0              80.00 %
     0003.1999-12-10.kaminski           0          0              81.82 %
       0003.1999-12-14.farmer           0          0              83.33 %
         0003.2000-01-17.beck           0          0              84.62 %
      0003.2001-02-08.kitchen           0          0              85.71 %
           0003.2003-12-18.GP           1          0              80.00 %
           0003.2004-08-01.BG           1          1              81.25 %
     0004.1999-12-10.kaminski           0          0              82.35 %
       0004.1999-12-14.farmer           0          0              83.33 %
     0004.2001-04-02.williams           0          0              84.21 %
    0004.2001-06-12.SA_and_HP           1          0              80.00 %
           0004.2004-08-01.BG           1          1              80.95 %
     0005.1999-12-12.kaminski           0          0              81.82 %
       0005.1999-12-14.farmer           0          0              82.61 %
        0005.2000-06-06.lokay           0          0              83.33 %
      0005.2001-02-08.kitchen           0          0              84.00 %
    0005.2001-06-23.SA_and_HP           1          1              84.62 %
           0005.2003-12-18.GP           1          0              81.48 %
     0006.1999-12-13.kaminski           0          0              82.14 %
      0006.2001-02-08.kitchen           0          0              82.76 %
     0006.2001-04-03.williams           0          0              83.33 %
    0006.2001-06-25.SA_and_HP           1          1              83.87 %
           0006.2003-12-18.GP           1          0              81.25 %
           0006.2004-08-01.BG           1          0              78.79 %
     0007.1999-12-13.kaminski           0          0              79.41 %
       0007.1999-12-14.farmer           0          0              80.00 %
         0007.2000-01-17.beck           0          0              80.56 %
      0007.2001-02-09.kitchen           0          0              81.08 %
           0007.2003-12-18.GP           1          0              78.95 %
           0007.2004-08-01.BG           1          0              76.92 %
      0008.2001-02-09.kitchen           0          0              77.50 %
    0008.2001-06-12.SA_and_HP           1          0              75.61 %
    0008.2001-06-25.SA_and_HP           1          0              73.81 %
           0008.2003-12-18.GP           1          0              72.09 %
           0008.2004-08-01.BG           1          0              70.45 %
     0009.1999-12-13.kaminski           0          0              71.11 %
       0009.1999-12-14.farmer           0          0              71.74 %
        0009.2000-06-07.lokay           0          0              72.34 %
      0009.2001-02-09.kitchen           0          0              72.92 %
           0009.2003-12-18.GP           1          1              73.47 %
       0010.1999-12-14.farmer           0          0              74.00 %
     0010.1999-12-14.kaminski           0          0              74.51 %
      0010.2001-02-09.kitchen           0          0              75.00 %
    0010.2001-06-28.SA_and_HP           1          0              73.58 %
           0010.2003-12-18.GP           1          1              74.07 %
           0010.2004-08-01.BG           1          0              72.73 %
       0011.1999-12-14.farmer           0          0              73.21 %
    0011.2001-06-28.SA_and_HP           1          0              71.93 %
    0011.2001-06-29.SA_and_HP           1          0              70.69 %
           0011.2003-12-18.GP           1          1              71.19 %
           0011.2004-08-01.BG           1          1              71.67 %
       0012.1999-12-14.farmer           0          0              72.13 %
     0012.1999-12-14.kaminski           0          0              72.58 %
         0012.2000-01-17.beck           0          0              73.02 %
        0012.2000-06-08.lokay           0          0              73.44 %
      0012.2001-02-09.kitchen           0          0              73.85 %
           0012.2003-12-19.GP           1          1              74.24 %
       0013.1999-12-14.farmer           0          0              74.63 %
     0013.1999-12-14.kaminski           0          0              75.00 %
     0013.2001-04-03.williams           0          0              75.36 %
    0013.2001-06-30.SA_and_HP           1          0              74.29 %
           0013.2004-08-01.BG           1          0              73.24 %
     0014.1999-12-14.kaminski           0          0              73.61 %
       0014.1999-12-15.farmer           0          0              73.97 %
      0014.2001-02-12.kitchen           0          0              74.32 %
    0014.2001-07-04.SA_and_HP           1          0              73.33 %
           0014.2003-12-19.GP           1          1              73.68 %
           0014.2004-08-01.BG           1          0              72.73 %
     0015.1999-12-14.kaminski           0          0              73.08 %
       0015.1999-12-15.farmer           0          0              73.42 %
        0015.2000-06-09.lokay           0          0              73.75 %
      0015.2001-02-12.kitchen           0          0              74.07 %
    0015.2001-07-05.SA_and_HP           1          0              73.17 %
           0015.2003-12-19.GP           1          0              72.29 %
       0016.1999-12-15.farmer           0          0              72.62 %
      0016.2001-02-12.kitchen           0          0              72.94 %
    0016.2001-07-05.SA_and_HP           1          0              72.09 %
    0016.2001-07-06.SA_and_HP           1          0              71.26 %
           0016.2003-12-19.GP           1          0              70.45 %
           0016.2004-08-01.BG           1          1              70.79 %
     0017.1999-12-14.kaminski           0          0              71.11 %
         0017.2000-01-17.beck           0          0              71.43 %
     0017.2001-04-03.williams           0          0              71.74 %
           0017.2003-12-18.GP           1          1              72.04 %
           0017.2004-08-01.BG           1          0              71.28 %
           0017.2004-08-02.BG           1          0              70.53 %
     0018.1999-12-14.kaminski           0          0              70.83 %
    0018.2001-07-13.SA_and_HP           1          0              70.10 %
           0018.2003-12-18.GP           1          0              69.39 %
